<?xml version="1.0" encoding="UTF-8"?>
<!-- Generated by org.testng.reporters.JUnitReportReporter -->
<testsuite hostname="SL-HAJMERA" name="runners.OpportunityRunner_2" tests="1" failures="0" timestamp="3 Feb 2020 09:54:38 GMT" time="40.305" errors="0">
  <testcase name="feature" time="40.305" classname="runners.OpportunityRunner_2"/>
</testsuite> <!-- runners.OpportunityRunner_2 -->
